<?xml version="1.0" encoding="UTF-8"?>
<!-- Generated by org.testng.reporters.JUnitXMLReporter -->
<testsuite ignored="1" hostname="Deskhom" failures="0" tests="1" name="Default test" time="1.619" errors="0" timestamp="17 nov. 2021 04:10:02 GMT">
  <testcase classname="loginTest.TC_01" name="TC_02_IncorrectCorrectLogin" time="0.396"/>
  <testcase classname="loginTest.TC_01" name="TC_01_CorrectLogin" time="0.0">
    <ignored/>
  </testcase> <!-- TC_01_CorrectLogin -->
</testsuite> <!-- Default test -->
